2025-04-10T02:41:01.927711Z  INFO gibberish::dsl: Parsing: Rec
2025-04-10T02:41:01.927820Z  INFO gibberish::dsl: Parsing: Choice
2025-04-10T02:41:01.927838Z  INFO gibberish::dsl: Peaking: Named
2025-04-10T02:41:01.927844Z  INFO gibberish::dsl: Peaking: Delim
2025-04-10T02:41:01.927850Z  INFO gibberish::dsl: Peaking: Just
2025-04-10T02:41:01.927856Z  INFO gibberish::dsl: Done peaking: Just
2025-04-10T02:41:01.927864Z  INFO gibberish::dsl: Done peaking: Delim
2025-04-10T02:41:01.927869Z  INFO gibberish::dsl: Done peaking: Named
2025-04-10T02:41:01.927875Z  INFO gibberish::dsl: Parsing: Named
2025-04-10T02:41:01.927882Z  INFO gibberish::dsl: Parsing: Delim
2025-04-10T02:41:01.927887Z  INFO gibberish::dsl: Parsing: Just
2025-04-10T02:41:01.927895Z  INFO gibberish::dsl: Done parsing: Just
2025-04-10T02:41:01.927900Z  INFO gibberish::dsl: Parsing: Sep
2025-04-10T02:41:01.927906Z  INFO gibberish::dsl: Parsing: Rec
2025-04-10T02:41:01.927912Z  INFO gibberish::dsl: Parsing: Choice
2025-04-10T02:41:01.927938Z  INFO gibberish::dsl: Peaking: Named
2025-04-10T02:41:01.927951Z  INFO gibberish::dsl: Peaking: Delim
2025-04-10T02:41:01.927956Z  INFO gibberish::dsl: Peaking: Just
2025-04-10T02:41:01.928001Z  INFO gibberish::dsl: Done peaking: Just
2025-04-10T02:41:01.928013Z  INFO gibberish::dsl: Done peaking: Delim
2025-04-10T02:41:01.928039Z  INFO gibberish::dsl: Done peaking: Named
2025-04-10T02:41:01.928052Z  INFO gibberish::dsl: Peaking: Named
2025-04-10T02:41:01.928078Z  INFO gibberish::dsl: Peaking: Just
2025-04-10T02:41:01.928091Z  INFO gibberish::dsl: Done peaking: Just
2025-04-10T02:41:01.928096Z  INFO gibberish::dsl: Done peaking: Named
2025-04-10T02:41:01.928101Z  INFO gibberish::dsl: Peaking: Named
2025-04-10T02:41:01.928106Z  INFO gibberish::dsl: Peaking: Just
2025-04-10T02:41:01.928111Z  INFO gibberish::dsl: Done peaking: Just
2025-04-10T02:41:01.928117Z  INFO gibberish::dsl: Done peaking: Named
2025-04-10T02:41:01.928122Z  INFO gibberish::dsl: Parsing: Named
2025-04-10T02:41:01.928148Z  INFO gibberish::dsl: Parsing: Just
2025-04-10T02:41:01.928162Z  INFO gibberish::dsl: Done parsing: Just
2025-04-10T02:41:01.928167Z  INFO gibberish::dsl: Done parsing: Named
2025-04-10T02:41:01.928173Z  INFO gibberish::dsl: Done parsing: Choice
2025-04-10T02:41:01.928178Z  INFO gibberish::dsl: Done parsing: Rec
2025-04-10T02:41:01.928183Z  INFO gibberish::dsl: Parsing: Just
2025-04-10T02:41:01.928188Z  INFO gibberish::dsl: Done parsing: Just
2025-04-10T02:41:01.928193Z  INFO gibberish::dsl: Parsing: Rec
2025-04-10T02:41:01.928197Z  INFO gibberish::dsl: Parsing: Choice
2025-04-10T02:41:01.928203Z  INFO gibberish::dsl: Peaking: Named
2025-04-10T02:41:01.928209Z  INFO gibberish::dsl: Peaking: Delim
2025-04-10T02:41:01.928214Z  INFO gibberish::dsl: Peaking: Just
2025-04-10T02:41:01.928242Z  INFO gibberish::dsl: Done peaking: Just
2025-04-10T02:41:01.928254Z  INFO gibberish::dsl: Done peaking: Delim
2025-04-10T02:41:01.928259Z  INFO gibberish::dsl: Done peaking: Named
2025-04-10T02:41:01.928264Z  INFO gibberish::dsl: Peaking: Named
2025-04-10T02:41:01.928269Z  INFO gibberish::dsl: Peaking: Just
2025-04-10T02:41:01.928274Z  INFO gibberish::dsl: Done peaking: Just
2025-04-10T02:41:01.928281Z  INFO gibberish::dsl: Done peaking: Named
2025-04-10T02:41:01.928286Z  INFO gibberish::dsl: Peaking: Named
2025-04-10T02:41:01.928313Z  INFO gibberish::dsl: Peaking: Just
2025-04-10T02:41:01.928326Z  INFO gibberish::dsl: Done peaking: Just
2025-04-10T02:41:01.928331Z  INFO gibberish::dsl: Done peaking: Named
2025-04-10T02:41:01.928336Z  INFO gibberish::dsl: Parsing: Named
2025-04-10T02:41:01.928341Z  INFO gibberish::dsl: Parsing: Just
2025-04-10T02:41:01.928347Z  INFO gibberish::dsl: Done parsing: Just
2025-04-10T02:41:01.928376Z  INFO gibberish::dsl: Done parsing: Named
2025-04-10T02:41:01.928389Z  INFO gibberish::dsl: Done parsing: Choice
2025-04-10T02:41:01.928394Z  INFO gibberish::dsl: Done parsing: Rec
2025-04-10T02:41:01.928401Z  INFO gibberish::dsl: Parsing: Just
2025-04-10T02:41:01.928407Z  INFO gibberish::dsl: Peaking: Just
2025-04-10T02:41:01.928433Z  INFO gibberish::dsl: Done peaking: Just
2025-04-10T02:41:01.928503Z  INFO gibberish::dsl: Done parsing: Just
2025-04-10T02:41:01.928520Z  WARN gibberish::dsl::sep: Failed to parse sep
2025-04-10T02:41:01.928526Z  INFO gibberish::dsl: Done parsing: Sep
2025-04-10T02:41:01.928532Z  INFO gibberish::dsl: Parsing: Just
2025-04-10T02:41:01.928538Z  INFO gibberish::dsl: Done parsing: Just
2025-04-10T02:41:01.928564Z  INFO gibberish::dsl: Done parsing: Delim
2025-04-10T02:41:01.928579Z  INFO gibberish::dsl: Done parsing: Named
2025-04-10T02:41:01.928584Z  INFO gibberish::dsl: Done parsing: Choice
2025-04-10T02:41:01.928589Z  INFO gibberish::dsl: Done parsing: Rec
